<?xml version="1.0" encoding="UTF-8"?>
<!-- Generated by org.testng.reporters.JUnitXMLReporter -->
<testsuite ignored="0" hostname="DESKTOP-JKR11RL" failures="0"
	tests="3" name="Default test" time="38.666" errors="0"
	timestamp="2025-06-17T13:33:48 IST">
	<testcase
		classname="com.comcast.crm.orgtest.CreateOrganizationTest"
		name="createOrgIndustTest" time="6.212" />
	<testcase
		classname="com.comcast.crm.orgtest.CreateOrganizationTest"
		name="createOrgTest" time="4.757" />
	<testcase
		classname="com.comcast.crm.orgtest.CreateOrganizationTest"
		name="createOrgWithPhoneTest" time="4.69" />
</testsuite> <!-- Default test -->
