<?xml version="1.0" encoding="UTF-8"?>
<!-- Generated by org.testng.reporters.JUnitXMLReporter -->
<testsuite ignored="0" hostname="DESKTOP-JKR11RL" failures="0" tests="3" name="test2" time="76.354" errors="0" timestamp="2025-05-30T13:08:28 IST">
  <testcase classname="com.comcast.crm.contacttest.CreateContactTest" name="createConatctWithIntigrationTest" time="21.626"/>
  <testcase classname="com.comcast.crm.contacttest.CreateContactTest" name="createContactTest" time="6.484"/>
  <testcase classname="com.comcast.crm.contacttest.CreateContactTest" name="createContactwithDateTest" time="16.652"/>
</testsuite> <!-- test2 -->
