<?xml version="1.0" encoding="UTF-8"?>
<!-- Generated by org.testng.reporters.JUnitXMLReporter -->
<testsuite ignored="0" hostname="DESKTOP-JKR11RL" failures="0" tests="3" name="Test" time="37.925" errors="0" timestamp="2025-05-27T15:57:37 IST">
  <testcase classname="com.comcast.crm.orgtest.CreateOrganizationTest" name="createOrgIndustTest" time="7.399"/>
  <testcase classname="com.comcast.crm.orgtest.CreateOrganizationTest" name="createOrgTest" time="5.615"/>
  <testcase classname="com.comcast.crm.orgtest.CreateOrganizationTest" name="createOrgWithPhoneTest" time="5.155"/>
</testsuite> <!-- Test -->
