<?xml version="1.0" encoding="UTF-8"?>
<!-- Generated by org.testng.reporters.JUnitXMLReporter -->
<testsuite ignored="0" hostname="DESKTOP-JKR11RL" failures="0" tests="3" name="test1" time="68.948" errors="0" timestamp="2025-05-30T13:08:20 IST">
  <testcase classname="com.comcast.crm.orgtest.CreateOrganizationTest" name="createOrgIndustTest" time="11.679"/>
  <testcase classname="com.comcast.crm.orgtest.CreateOrganizationTest" name="createOrgTest" time="7.784"/>
  <testcase classname="com.comcast.crm.orgtest.CreateOrganizationTest" name="createOrgWithPhoneTest" time="15.055"/>
</testsuite> <!-- test1 -->
