<?xml version="1.0" encoding="UTF-8"?>
<!-- Generated by org.testng.reporters.JUnitReportReporter -->
<testsuite hostname="DESKTOP-JKR11RL" failures="0" tests="3" name="com.comcast.crm.contacttest.CreateCOntactWIthStartingAndEndDateTest" time="47.537" errors="0" timestamp="2025-05-26T10:41:51 IST" skipped="0">
  <testcase classname="com.comcast.crm.contacttest.CreateCOntactWIthStartingAndEndDateTest" name="createContactwithDateTest" time="16.709"/>
  <system-out/>
  <testcase classname="com.comcast.crm.contacttest.CreateCOntactWIthStartingAndEndDateTest" name="createContactwithDateTest" time="11.601"/>
  <system-out/>
  <testcase classname="com.comcast.crm.contacttest.CreateCOntactWIthStartingAndEndDateTest" name="createContactwithDateTest" time="19.227"/>
  <system-out/>
</testsuite> <!-- com.comcast.crm.contacttest.CreateCOntactWIthStartingAndEndDateTest -->
